d:\playground\tradeanalyzer\tradeanalyzer\debug\tradeanalyzer.pch
d:\playground\tradeanalyzer\tradeanalyzer\debug\vc141.pdb
d:\playground\tradeanalyzer\tradeanalyzer\debug\vc141.idb
d:\playground\tradeanalyzer\tradeanalyzer\debug\stdafx.obj
d:\playground\tradeanalyzer\tradeanalyzer\debug\tradeanalyzer.obj
d:\playground\tradeanalyzer\tradeanalyzer\debug\analysisengine.obj
d:\playground\tradeanalyzer\debug\tradeanalyzer.ilk
d:\playground\tradeanalyzer\debug\tradeanalyzer.exe
d:\playground\tradeanalyzer\debug\tradeanalyzer.pdb
d:\projects\tradeanalyzer\tradeanalyzer\debug\analysisengine.obj
d:\projects\tradeanalyzer\tradeanalyzer\debug\stdafx.obj
d:\projects\tradeanalyzer\tradeanalyzer\debug\tradeanalyzer.obj
d:\projects\tradeanalyzer\tradeanalyzer\debug\tradeanalyzer.pch
d:\projects\tradeanalyzer\tradeanalyzer\debug\vc141.idb
d:\projects\tradeanalyzer\tradeanalyzer\debug\vc141.pdb
d:\projects\tradeanalyzer\debug\tradeanalyzer.pdb
d:\projects\tradeanalyzer\debug\tradeanalyzer.exe
d:\projects\tradeanalyzer\debug\tradeanalyzer.ilk
d:\projects\tradeanalyzer\tradeanalyzer\debug\tradeanalyzer.tlog\cl.command.1.tlog
d:\projects\tradeanalyzer\tradeanalyzer\debug\tradeanalyzer.tlog\cl.read.1.tlog
d:\projects\tradeanalyzer\tradeanalyzer\debug\tradeanalyzer.tlog\cl.write.1.tlog
d:\projects\tradeanalyzer\tradeanalyzer\debug\tradeanalyzer.tlog\link.command.1.tlog
d:\projects\tradeanalyzer\tradeanalyzer\debug\tradeanalyzer.tlog\link.read.1.tlog
d:\projects\tradeanalyzer\tradeanalyzer\debug\tradeanalyzer.tlog\link.write.1.tlog
